------------------------------------------------------------------------------------------------------------------------

[2017-12-26 14:26:40 #1 store] 
Database '/Users/anthonyriesen/eclipse-workspace/Task and Time Management/taskDatabase.odb' is opened by 15910@Anthonys-MacBook-Pro-2.local

[2017-12-26 14:26:40 #2 store] 
Configuration path: ?

[2017-12-26 14:26:41 #3 type] 
Type model.ToDoTask is not enhanced.

------------------------------------------------------------------------------------------------------------------------

[2017-12-26 14:27:56 #1 store] 
Database '/Users/anthonyriesen/eclipse-workspace/Task and Time Management/taskDatabase.odb' is opened by 15913@Anthonys-MacBook-Pro-2.local

[2017-12-26 14:27:56 #2 store] 
Configuration path: ?

[2017-12-26 14:27:56 #3 type] 
Type model.ToDoTask is not enhanced.

------------------------------------------------------------------------------------------------------------------------

[2017-12-26 14:28:23 #1 store] 
Database '/Users/anthonyriesen/eclipse-workspace/Task and Time Management/taskDatabase.odb' is opened by 15946@Anthonys-MacBook-Pro-2.local

[2017-12-26 14:28:23 #2 store] 
Configuration path: ?

[2017-12-26 14:28:23 #3 type] 
Type model.ToDoTask is not enhanced.

------------------------------------------------------------------------------------------------------------------------

[2017-12-26 14:29:07 #1 store] 
Database '/Users/anthonyriesen/eclipse-workspace/Task and Time Management/taskDatabase.odb' is opened by 15968@Anthonys-MacBook-Pro-2.local

[2017-12-26 14:29:07 #2 store] 
Configuration path: ?

[2017-12-26 14:29:07 #3 type] 
Type model.ToDoTask is not enhanced.

------------------------------------------------------------------------------------------------------------------------

[2017-12-26 14:31:22 #1 store] 
Database '/Users/anthonyriesen/eclipse-workspace/Task and Time Management/taskDatabase.odb' is opened by 16003@Anthonys-MacBook-Pro-2.local

[2017-12-26 14:31:22 #2 store] 
Configuration path: ?

[2017-12-26 14:31:22 #3 type] 
Type model.ToDoTask is not enhanced.

------------------------------------------------------------------------------------------------------------------------

[2017-12-26 14:32:08 #1 store] 
Database '/Users/anthonyriesen/eclipse-workspace/Task and Time Management/taskDatabase.odb' is opened by 16044@Anthonys-MacBook-Pro-2.local

[2017-12-26 14:32:08 #2 store] 
Configuration path: ?

[2017-12-26 14:32:08 #3 type] 
Type model.ToDoTask is not enhanced.

------------------------------------------------------------------------------------------------------------------------

[2017-12-26 14:34:23 #1 store] 
Database '/Users/anthonyriesen/eclipse-workspace/Task and Time Management/taskDatabase.odb' is opened by 16087@Anthonys-MacBook-Pro-2.local

[2017-12-26 14:34:23 #2 store] 
Configuration path: ?

[2017-12-26 14:34:23 #3 type] 
Type model.ToDoTask is not enhanced.

------------------------------------------------------------------------------------------------------------------------

[2017-12-26 14:35:42 #1 store] 
Database '/Users/anthonyriesen/eclipse-workspace/Task and Time Management/taskDatabase.odb' is opened by 16095@Anthonys-MacBook-Pro-2.local

[2017-12-26 14:35:42 #2 store] 
Configuration path: ?

[2017-12-26 14:35:42 #3 type] 
Type model.ToDoTask is not enhanced.

------------------------------------------------------------------------------------------------------------------------

[2017-12-26 14:45:22 #1 store] 
Database '/Users/anthonyriesen/eclipse-workspace/Task and Time Management/taskDatabase.odb' is opened by 16150@Anthonys-MacBook-Pro-2.local

[2017-12-26 14:45:22 #2 store] 
Configuration path: ?

[2017-12-26 14:45:22 #3 type] 
Type model.ToDoTask is not enhanced.

