------------------------------------------------------------------------------------------------------------------------

[2017-12-27 14:35:26 #1 store] 
Database '/Users/anthonyriesen/eclipse-workspace/Task and Time Management/taskDatabase.odb' is opened by 19191@Anthonys-MacBook-Pro-2.local

[2017-12-27 14:35:26 #2 store] 
Configuration path: ?

[2017-12-27 14:35:26 #3 type] 
Type model.ToDoTask is not enhanced.

------------------------------------------------------------------------------------------------------------------------

[2017-12-27 14:40:12 #1 store] 
Database '/Users/anthonyriesen/eclipse-workspace/Task and Time Management/taskDatabase.odb' is opened by 19289@Anthonys-MacBook-Pro-2.local

[2017-12-27 14:40:12 #2 store] 
Configuration path: ?

[2017-12-27 14:40:12 #3 type] 
Type model.ToDoTask is not enhanced.

------------------------------------------------------------------------------------------------------------------------

[2017-12-27 14:40:52 #1 store] 
Database '/Users/anthonyriesen/eclipse-workspace/Task and Time Management/taskDatabase.odb' is opened by 19297@Anthonys-MacBook-Pro-2.local

[2017-12-27 14:40:52 #2 store] 
Configuration path: ?

[2017-12-27 14:40:52 #3 type] 
Type model.ToDoTask is not enhanced.

------------------------------------------------------------------------------------------------------------------------

[2017-12-27 14:42:07 #1 store] 
Database '/Users/anthonyriesen/eclipse-workspace/Task and Time Management/taskDatabase.odb' is opened by 19333@Anthonys-MacBook-Pro-2.local

[2017-12-27 14:42:07 #2 store] 
Configuration path: ?

[2017-12-27 14:42:07 #3 type] 
Type model.ToDoTask is not enhanced.

------------------------------------------------------------------------------------------------------------------------

[2017-12-27 14:42:53 #1 store] 
Database '/Users/anthonyriesen/eclipse-workspace/Task and Time Management/taskDatabase.odb' is opened by 19340@Anthonys-MacBook-Pro-2.local

[2017-12-27 14:42:53 #2 store] 
Configuration path: ?

[2017-12-27 14:42:53 #3 type] 
Type model.ToDoTask is not enhanced.

------------------------------------------------------------------------------------------------------------------------

[2017-12-27 14:46:15 #1 store] 
Database '/Users/anthonyriesen/eclipse-workspace/Task and Time Management/taskDatabase.odb' is opened by 19397@Anthonys-MacBook-Pro-2.local

[2017-12-27 14:46:15 #2 store] 
Configuration path: ?

[2017-12-27 14:46:15 #3 type] 
Type model.ToDoTask is not enhanced.

------------------------------------------------------------------------------------------------------------------------

[2017-12-27 14:47:29 #1 store] 
Database '/Users/anthonyriesen/eclipse-workspace/Task and Time Management/taskDatabase.odb' is opened by 19418@Anthonys-MacBook-Pro-2.local

[2017-12-27 14:47:29 #2 store] 
Configuration path: ?

[2017-12-27 14:47:29 #3 type] 
Type model.ToDoTask is not enhanced.

------------------------------------------------------------------------------------------------------------------------

[2017-12-27 14:48:39 #1 store] 
Database '/Users/anthonyriesen/eclipse-workspace/Task and Time Management/taskDatabase.odb' is opened by 19449@Anthonys-MacBook-Pro-2.local

[2017-12-27 14:48:39 #2 store] 
Configuration path: ?

[2017-12-27 14:48:39 #3 type] 
Type model.ToDoTask is not enhanced.

------------------------------------------------------------------------------------------------------------------------

[2017-12-27 14:50:35 #1 store] 
Database '/Users/anthonyriesen/eclipse-workspace/Task and Time Management/taskDatabase.odb' is opened by 19456@Anthonys-MacBook-Pro-2.local

[2017-12-27 14:50:35 #2 store] 
Configuration path: ?

[2017-12-27 14:50:35 #3 type] 
Type model.ToDoTask is not enhanced.

------------------------------------------------------------------------------------------------------------------------

[2017-12-27 14:53:05 #1 store] 
Database '/Users/anthonyriesen/eclipse-workspace/Task and Time Management/taskDatabase.odb' is opened by 19498@Anthonys-MacBook-Pro-2.local

[2017-12-27 14:53:05 #2 store] 
Configuration path: ?

[2017-12-27 14:53:05 #3 type] 
Type model.ToDoTask is not enhanced.

------------------------------------------------------------------------------------------------------------------------

[2017-12-27 14:54:31 #1 store] 
Database '/Users/anthonyriesen/eclipse-workspace/Task and Time Management/taskDatabase.odb' is opened by 19520@Anthonys-MacBook-Pro-2.local

[2017-12-27 14:54:31 #2 store] 
Configuration path: ?

[2017-12-27 14:54:31 #3 type] 
Type model.ToDoTask is not enhanced.

------------------------------------------------------------------------------------------------------------------------

[2017-12-27 14:56:35 #1 store] 
Database '/Users/anthonyriesen/eclipse-workspace/Task and Time Management/taskDatabase.odb' is opened by 19584@Anthonys-MacBook-Pro-2.local

[2017-12-27 14:56:35 #2 store] 
Configuration path: ?

[2017-12-27 14:56:35 #3 type] 
Type model.ToDoTask is not enhanced.

------------------------------------------------------------------------------------------------------------------------

[2017-12-27 14:56:57 #1 store] 
Database '/Users/anthonyriesen/eclipse-workspace/Task and Time Management/taskDatabase.odb' is opened by 19585@Anthonys-MacBook-Pro-2.local

[2017-12-27 14:56:57 #2 store] 
Configuration path: ?

[2017-12-27 14:56:57 #3 type] 
Type model.ToDoTask is not enhanced.

------------------------------------------------------------------------------------------------------------------------

[2017-12-27 14:58:17 #1 store] 
Database '/Users/anthonyriesen/eclipse-workspace/Task and Time Management/taskDatabase.odb' is opened by 19607@Anthonys-MacBook-Pro-2.local

[2017-12-27 14:58:17 #2 store] 
Configuration path: ?

[2017-12-27 14:58:17 #3 type] 
Type model.ToDoTask is not enhanced.

------------------------------------------------------------------------------------------------------------------------

[2017-12-27 15:04:23 #1 store] 
Database '/Users/anthonyriesen/eclipse-workspace/Task and Time Management/taskDatabase.odb' is opened by 19816@Anthonys-MacBook-Pro-2.local

[2017-12-27 15:04:23 #2 store] 
Configuration path: ?

[2017-12-27 15:04:23 #3 type] 
Type model.ToDoTask is not enhanced.

------------------------------------------------------------------------------------------------------------------------

[2017-12-27 15:07:45 #1 store] 
Database '/Users/anthonyriesen/eclipse-workspace/Task and Time Management/taskDatabase.odb' is opened by 19889@Anthonys-MacBook-Pro-2.local

[2017-12-27 15:07:45 #2 store] 
Configuration path: ?

[2017-12-27 15:07:45 #3 type] 
Type model.ToDoTask is not enhanced.

------------------------------------------------------------------------------------------------------------------------

[2017-12-27 15:09:01 #1 store] 
Database '/Users/anthonyriesen/eclipse-workspace/Task and Time Management/taskDatabase.odb' is opened by 19911@Anthonys-MacBook-Pro-2.local

[2017-12-27 15:09:01 #2 store] 
Configuration path: ?

[2017-12-27 15:09:01 #3 type] 
Type model.ToDoTask is not enhanced.

------------------------------------------------------------------------------------------------------------------------

[2017-12-27 15:15:21 #1 store] 
Database '/Users/anthonyriesen/eclipse-workspace/Task and Time Management/taskDatabase.odb' is opened by 20005@Anthonys-MacBook-Pro-2.local

[2017-12-27 15:15:21 #2 store] 
Configuration path: ?

[2017-12-27 15:15:21 #3 type] 
Type model.ToDoTask is not enhanced.

------------------------------------------------------------------------------------------------------------------------

[2017-12-27 15:16:05 #1 store] 
Database '/Users/anthonyriesen/eclipse-workspace/Task and Time Management/taskDatabase.odb' is opened by 20026@Anthonys-MacBook-Pro-2.local

[2017-12-27 15:16:05 #2 store] 
Configuration path: ?

[2017-12-27 15:16:05 #3 type] 
Type model.ToDoTask is not enhanced.

------------------------------------------------------------------------------------------------------------------------

[2017-12-27 15:16:33 #1 store] 
Database '/Users/anthonyriesen/eclipse-workspace/Task and Time Management/taskDatabase.odb' is opened by 20047@Anthonys-MacBook-Pro-2.local

[2017-12-27 15:16:33 #2 store] 
Configuration path: ?

[2017-12-27 15:16:33 #3 type] 
Type model.ToDoTask is not enhanced.

------------------------------------------------------------------------------------------------------------------------

[2017-12-27 15:17:04 #1 store] 
Database '/Users/anthonyriesen/eclipse-workspace/Task and Time Management/taskDatabase.odb' is opened by 20070@Anthonys-MacBook-Pro-2.local

[2017-12-27 15:17:04 #2 store] 
Configuration path: ?

[2017-12-27 15:17:04 #3 type] 
Type model.ToDoTask is not enhanced.

------------------------------------------------------------------------------------------------------------------------

[2017-12-27 15:18:10 #1 store] 
Database '/Users/anthonyriesen/eclipse-workspace/Task and Time Management/taskDatabase.odb' is opened by 20097@Anthonys-MacBook-Pro-2.local

[2017-12-27 15:18:10 #2 store] 
Configuration path: ?

[2017-12-27 15:18:10 #3 type] 
Type model.ToDoTask is not enhanced.

------------------------------------------------------------------------------------------------------------------------

[2017-12-27 15:20:19 #1 store] 
Database '/Users/anthonyriesen/eclipse-workspace/Task and Time Management/taskDatabase.odb' is opened by 20121@Anthonys-MacBook-Pro-2.local

[2017-12-27 15:20:19 #2 store] 
Configuration path: ?

[2017-12-27 15:20:19 #3 type] 
Type model.ToDoTask is not enhanced.

------------------------------------------------------------------------------------------------------------------------

[2017-12-27 15:21:24 #1 store] 
Database '/Users/anthonyriesen/eclipse-workspace/Task and Time Management/taskDatabase.odb' is opened by 20144@Anthonys-MacBook-Pro-2.local

[2017-12-27 15:21:24 #2 store] 
Configuration path: ?

[2017-12-27 15:21:25 #3 type] 
Type model.ToDoTask is not enhanced.

------------------------------------------------------------------------------------------------------------------------

[2017-12-27 15:25:32 #1 store] 
Database '/Users/anthonyriesen/eclipse-workspace/Task and Time Management/taskDatabase.odb' is opened by 20224@Anthonys-MacBook-Pro-2.local

[2017-12-27 15:25:32 #2 store] 
Configuration path: ?

[2017-12-27 15:25:32 #3 type] 
Type model.ToDoTask is not enhanced.

------------------------------------------------------------------------------------------------------------------------

[2017-12-27 15:29:29 #1 store] 
Database '/Users/anthonyriesen/eclipse-workspace/Task and Time Management/taskDatabase.odb' is opened by 20314@Anthonys-MacBook-Pro-2.local

[2017-12-27 15:29:29 #2 store] 
Configuration path: ?

[2017-12-27 15:29:29 #3 type] 
Type model.ToDoTask is not enhanced.

