------------------------------------------------------------------------------------------------------------------------

[2017-12-25 07:54:50 #1 *] 
Old JPA jar (/Users/anthonyriesen/.gradle/caches/modules-2/files-2.1/javax.persistence/persistence-api/1.0.2/8a7f96961047da52a53b7347b6a919c6fbc6d7fa/persistence-api-1.0.2.jar) is in the classpath before objectdb.jar

------------------------------------------------------------------------------------------------------------------------

[2017-12-25 07:55:09 #1 *] 
Old JPA jar (/Users/anthonyriesen/.gradle/caches/modules-2/files-2.1/javax.persistence/persistence-api/1.0.2/8a7f96961047da52a53b7347b6a919c6fbc6d7fa/persistence-api-1.0.2.jar) is in the classpath before objectdb.jar

[2017-12-25 07:55:09 #2 store] 
Database '/Users/anthonyriesen/eclipse-workspace/Task and Time Management/taskDatabase.odb' is opened by 10767@Anthonys-MacBook-Pro-2.local

[2017-12-25 07:55:09 #3 store] 
Configuration path: ?

[2017-12-25 07:55:09 #4 type] 
Type model.ToDoTask is not enhanced.

[2017-12-25 07:55:09 #5 store] 
Database '/Users/anthonyriesen/eclipse-workspace/Task and Time Management/taskDatabase.odb' is closed by 10767@Anthonys-MacBook-Pro-2.local

------------------------------------------------------------------------------------------------------------------------

[2017-12-25 08:07:25 #1 store] 
Database '/Users/anthonyriesen/eclipse-workspace/Task and Time Management/taskDatabase.odb' is opened by 10818@Anthonys-MacBook-Pro-2.local

[2017-12-25 08:07:25 #2 store] 
Configuration path: ?

[2017-12-25 08:07:25 #3 type] 
Type model.ToDoTask is not enhanced.

[2017-12-25 08:07:25 #4 store] 
Database '/Users/anthonyriesen/eclipse-workspace/Task and Time Management/taskDatabase.odb' is closed by 10818@Anthonys-MacBook-Pro-2.local

------------------------------------------------------------------------------------------------------------------------

[2017-12-25 08:19:19 #1 store] 
Database '/Users/anthonyriesen/eclipse-workspace/Task and Time Management/taskDatabase.odb' is opened by 10843@Anthonys-MacBook-Pro-2.local

[2017-12-25 08:19:19 #2 store] 
Configuration path: ?

[2017-12-25 08:19:19 #3 type] 
Type model.ToDoTask is not enhanced.

[2017-12-25 08:19:19 #4 store] 
Database '/Users/anthonyriesen/eclipse-workspace/Task and Time Management/taskDatabase.odb' is closed by 10843@Anthonys-MacBook-Pro-2.local

------------------------------------------------------------------------------------------------------------------------

[2017-12-25 08:19:46 #1 store] 
Database '/Users/anthonyriesen/eclipse-workspace/Task and Time Management/taskDatabase.odb' is opened by 10845@Anthonys-MacBook-Pro-2.local

[2017-12-25 08:19:46 #2 store] 
Configuration path: ?

[2017-12-25 08:19:46 #3 type] 
Type model.ToDoTask is not enhanced.

[2017-12-25 08:19:46 #4 store] 
Database '/Users/anthonyriesen/eclipse-workspace/Task and Time Management/taskDatabase.odb' is closed by 10845@Anthonys-MacBook-Pro-2.local

------------------------------------------------------------------------------------------------------------------------

[2017-12-25 08:21:51 #1 store] 
Database '/Users/anthonyriesen/eclipse-workspace/Task and Time Management/taskDatabase.odb' is opened by 10852@Anthonys-MacBook-Pro-2.local

[2017-12-25 08:21:51 #2 store] 
Configuration path: ?

[2017-12-25 08:21:51 #3 type] 
Type model.ToDoTask is not enhanced.

[2017-12-25 08:21:51 #4 store] 
Database '/Users/anthonyriesen/eclipse-workspace/Task and Time Management/taskDatabase.odb' is closed by 10852@Anthonys-MacBook-Pro-2.local

------------------------------------------------------------------------------------------------------------------------

[2017-12-25 08:24:25 #1 store] 
Database '/Users/anthonyriesen/eclipse-workspace/Task and Time Management/taskDatabase.odb' is opened by 10856@Anthonys-MacBook-Pro-2.local

[2017-12-25 08:24:25 #2 store] 
Configuration path: ?

[2017-12-25 08:24:25 #3 type] 
Type model.ToDoTask is not enhanced.

[2017-12-25 08:24:25 #4 store] 
Database '/Users/anthonyriesen/eclipse-workspace/Task and Time Management/taskDatabase.odb' is closed by 10856@Anthonys-MacBook-Pro-2.local

------------------------------------------------------------------------------------------------------------------------

[2017-12-25 08:25:13 #1 store] 
Database '/Users/anthonyriesen/eclipse-workspace/Task and Time Management/taskDatabase.odb' is opened by 10859@Anthonys-MacBook-Pro-2.local

[2017-12-25 08:25:13 #2 store] 
Configuration path: ?

[2017-12-25 08:25:13 #3 type] 
Type model.ToDoTask is not enhanced.

[2017-12-25 08:25:13 #4 store] 
Database '/Users/anthonyriesen/eclipse-workspace/Task and Time Management/taskDatabase.odb' is closed by 10859@Anthonys-MacBook-Pro-2.local

------------------------------------------------------------------------------------------------------------------------

[2017-12-25 09:53:55 #1 store] 
Database '/Users/anthonyriesen/eclipse-workspace/Task and Time Management/taskDatabase.odb' is opened by 11095@Anthonys-MacBook-Pro-2.local

[2017-12-25 09:53:55 #2 store] 
Configuration path: ?

[2017-12-25 09:53:55 #3 type] 
Type model.ToDoTask is not enhanced.

------------------------------------------------------------------------------------------------------------------------

[2017-12-25 09:56:54 #1 store] 
Database '/Users/anthonyriesen/eclipse-workspace/Task and Time Management/taskDatabase.odb' is opened by 11101@Anthonys-MacBook-Pro-2.local

[2017-12-25 09:56:54 #2 store] 
Configuration path: ?

[2017-12-25 09:56:54 #3 type] 
Type model.ToDoTask is not enhanced.

------------------------------------------------------------------------------------------------------------------------

[2017-12-25 09:59:40 #1 store] 
Database '/Users/anthonyriesen/eclipse-workspace/Task and Time Management/taskDatabase.odb' is opened by 11118@Anthonys-MacBook-Pro-2.local

[2017-12-25 09:59:40 #2 store] 
Configuration path: ?

[2017-12-25 09:59:40 #3 type] 
Type model.ToDoTask is not enhanced.

------------------------------------------------------------------------------------------------------------------------

[2017-12-25 10:01:12 #1 store] 
Database '/Users/anthonyriesen/eclipse-workspace/Task and Time Management/taskDatabase.odb' is opened by 11159@Anthonys-MacBook-Pro-2.local

[2017-12-25 10:01:12 #2 store] 
Configuration path: ?

[2017-12-25 10:01:12 #3 type] 
Type model.ToDoTask is not enhanced.

------------------------------------------------------------------------------------------------------------------------

[2017-12-25 10:10:07 #1 store] 
Database '/Users/anthonyriesen/eclipse-workspace/Task and Time Management/taskDatabase.odb' is opened by 11211@Anthonys-MacBook-Pro-2.local

[2017-12-25 10:10:07 #2 store] 
Configuration path: ?

[2017-12-25 10:10:07 #3 type] 
Type model.ToDoTask is not enhanced.

------------------------------------------------------------------------------------------------------------------------

[2017-12-25 10:11:05 #1 store] 
Database '/Users/anthonyriesen/eclipse-workspace/Task and Time Management/taskDatabase.odb' is opened by 11216@Anthonys-MacBook-Pro-2.local

[2017-12-25 10:11:05 #2 store] 
Configuration path: ?

[2017-12-25 10:11:05 #3 type] 
Type model.ToDoTask is not enhanced.

------------------------------------------------------------------------------------------------------------------------

[2017-12-25 10:11:16 #1 store] 
Database '/Users/anthonyriesen/eclipse-workspace/Task and Time Management/taskDatabase.odb' is opened by 11218@Anthonys-MacBook-Pro-2.local

[2017-12-25 10:11:16 #2 store] 
Configuration path: ?

[2017-12-25 10:11:16 #3 type] 
Type model.ToDoTask is not enhanced.

------------------------------------------------------------------------------------------------------------------------

[2017-12-25 16:40:45 #1 store] 
Database '/Users/anthonyriesen/eclipse-workspace/Task and Time Management/taskDatabase.odb' is opened by 12156@Anthonys-MBP-2.netins.net

[2017-12-25 16:40:45 #2 store] 
Configuration path: ?

[2017-12-25 16:40:45 #3 type] 
Type model.ToDoTask is not enhanced.

------------------------------------------------------------------------------------------------------------------------

[2017-12-25 16:42:36 #1 store] 
Database '/Users/anthonyriesen/eclipse-workspace/Task and Time Management/taskDatabase.odb' is opened by 12177@Anthonys-MBP-2.netins.net

[2017-12-25 16:42:36 #2 store] 
Configuration path: ?

[2017-12-25 16:42:36 #3 type] 
Type model.ToDoTask is not enhanced.

------------------------------------------------------------------------------------------------------------------------

[2017-12-25 17:00:50 #1 store] 
Database '/Users/anthonyriesen/eclipse-workspace/Task and Time Management/taskDatabase.odb' is opened by 12483@Anthonys-MBP-2.netins.net

[2017-12-25 17:00:50 #2 store] 
Configuration path: ?

[2017-12-25 17:00:50 #3 type] 
Type model.ToDoTask is not enhanced.

------------------------------------------------------------------------------------------------------------------------

[2017-12-25 17:02:36 #1 store] 
Database '/Users/anthonyriesen/eclipse-workspace/Task and Time Management/taskDatabase.odb' is opened by 12537@Anthonys-MBP-2.netins.net

[2017-12-25 17:02:36 #2 store] 
Configuration path: ?

[2017-12-25 17:02:36 #3 type] 
Type model.ToDoTask is not enhanced.

------------------------------------------------------------------------------------------------------------------------

[2017-12-25 17:05:32 #1 store] 
Database '/Users/anthonyriesen/eclipse-workspace/Task and Time Management/taskDatabase.odb' is opened by 12600@Anthonys-MBP-2.netins.net

[2017-12-25 17:05:32 #2 store] 
Configuration path: ?

[2017-12-25 17:05:32 #3 type] 
Type model.ToDoTask is not enhanced.

------------------------------------------------------------------------------------------------------------------------

[2017-12-25 17:06:07 #1 store] 
Database '/Users/anthonyriesen/eclipse-workspace/Task and Time Management/taskDatabase.odb' is opened by 12619@Anthonys-MBP-2.netins.net

[2017-12-25 17:06:07 #2 store] 
Configuration path: ?

[2017-12-25 17:06:07 #3 type] 
Type model.ToDoTask is not enhanced.

------------------------------------------------------------------------------------------------------------------------

[2017-12-25 17:06:18 #1 store] 
Database '/Users/anthonyriesen/eclipse-workspace/Task and Time Management/taskDatabase.odb' is opened by 12621@Anthonys-MBP-2.netins.net

[2017-12-25 17:06:18 #2 store] 
Configuration path: ?

[2017-12-25 17:06:19 #3 type] 
Type model.ToDoTask is not enhanced.

------------------------------------------------------------------------------------------------------------------------

[2017-12-25 17:06:55 #1 store] 
Database '/Users/anthonyriesen/eclipse-workspace/Task and Time Management/taskDatabase.odb' is opened by 12623@Anthonys-MBP-2.netins.net

[2017-12-25 17:06:55 #2 store] 
Configuration path: ?

[2017-12-25 17:06:55 #3 type] 
Type model.ToDoTask is not enhanced.

------------------------------------------------------------------------------------------------------------------------

[2017-12-25 17:11:18 #1 store] 
Database '/Users/anthonyriesen/eclipse-workspace/Task and Time Management/taskDatabase.odb' is opened by 12674@Anthonys-MBP-2.netins.net

[2017-12-25 17:11:18 #2 store] 
Configuration path: ?

[2017-12-25 17:11:18 #3 type] 
Type model.ToDoTask is not enhanced.

------------------------------------------------------------------------------------------------------------------------

[2017-12-25 17:14:23 #1 store] 
Database '/Users/anthonyriesen/eclipse-workspace/Task and Time Management/taskDatabase.odb' is opened by 12715@Anthonys-MBP-2.netins.net

[2017-12-25 17:14:23 #2 store] 
Configuration path: ?

[2017-12-25 17:14:23 #3 type] 
Type model.ToDoTask is not enhanced.

------------------------------------------------------------------------------------------------------------------------

[2017-12-25 17:15:35 #1 store] 
Database '/Users/anthonyriesen/eclipse-workspace/Task and Time Management/taskDatabase.odb' is opened by 12739@Anthonys-MBP-2.netins.net

[2017-12-25 17:15:35 #2 store] 
Configuration path: ?

[2017-12-25 17:15:35 #3 type] 
Type model.ToDoTask is not enhanced.

------------------------------------------------------------------------------------------------------------------------

[2017-12-25 17:16:35 #1 store] 
Database '/Users/anthonyriesen/eclipse-workspace/Task and Time Management/taskDatabase.odb' is opened by 12763@Anthonys-MBP-2.netins.net

[2017-12-25 17:16:35 #2 store] 
Configuration path: ?

[2017-12-25 17:16:35 #3 type] 
Type model.ToDoTask is not enhanced.

------------------------------------------------------------------------------------------------------------------------

[2017-12-25 17:17:58 #1 store] 
Database '/Users/anthonyriesen/eclipse-workspace/Task and Time Management/taskDatabase.odb' is opened by 12784@Anthonys-MBP-2.netins.net

[2017-12-25 17:17:58 #2 store] 
Configuration path: ?

[2017-12-25 17:17:58 #3 type] 
Type model.ToDoTask is not enhanced.

------------------------------------------------------------------------------------------------------------------------

[2017-12-25 17:40:57 #1 store] 
Database '/Users/anthonyriesen/eclipse-workspace/Task and Time Management/taskDatabase.odb' is opened by 13273@Anthonys-MBP-2.netins.net

[2017-12-25 17:40:57 #2 store] 
Configuration path: ?

[2017-12-25 17:40:57 #3 type] 
Type model.ToDoTask is not enhanced.

------------------------------------------------------------------------------------------------------------------------

[2017-12-25 17:43:02 #1 store] 
Database '/Users/anthonyriesen/eclipse-workspace/Task and Time Management/taskDatabase.odb' is opened by 13315@Anthonys-MBP-2.netins.net

[2017-12-25 17:43:02 #2 store] 
Configuration path: ?

[2017-12-25 17:43:02 #3 type] 
Type model.ToDoTask is not enhanced.

------------------------------------------------------------------------------------------------------------------------

[2017-12-25 17:48:33 #1 store] 
Database '/Users/anthonyriesen/eclipse-workspace/Task and Time Management/taskDatabase.odb' is opened by 13402@Anthonys-MBP-2.netins.net

[2017-12-25 17:48:33 #2 store] 
Configuration path: ?

[2017-12-25 17:48:33 #3 type] 
Type model.ToDoTask is not enhanced.

------------------------------------------------------------------------------------------------------------------------

[2017-12-25 17:49:44 #1 store] 
Database '/Users/anthonyriesen/eclipse-workspace/Task and Time Management/taskDatabase.odb' is opened by 13434@Anthonys-MBP-2.netins.net

[2017-12-25 17:49:44 #2 store] 
Configuration path: ?

[2017-12-25 17:49:44 #3 type] 
Type model.ToDoTask is not enhanced.

------------------------------------------------------------------------------------------------------------------------

[2017-12-25 17:52:15 #1 store] 
Database '/Users/anthonyriesen/eclipse-workspace/Task and Time Management/taskDatabase.odb' is opened by 13485@Anthonys-MBP-2.netins.net

[2017-12-25 17:52:15 #2 store] 
Configuration path: ?

[2017-12-25 17:52:15 #3 type] 
Type model.ToDoTask is not enhanced.

------------------------------------------------------------------------------------------------------------------------

[2017-12-25 17:57:49 #1 store] 
Database '/Users/anthonyriesen/eclipse-workspace/Task and Time Management/taskDatabase.odb' is opened by 13569@Anthonys-MBP-2.netins.net

[2017-12-25 17:57:49 #2 store] 
Configuration path: ?

[2017-12-25 17:57:49 #3 type] 
Type model.ToDoTask is not enhanced.

------------------------------------------------------------------------------------------------------------------------

[2017-12-25 17:58:24 #1 store] 
Database '/Users/anthonyriesen/eclipse-workspace/Task and Time Management/taskDatabase.odb' is opened by 13589@Anthonys-MBP-2.netins.net

[2017-12-25 17:58:24 #2 store] 
Configuration path: ?

[2017-12-25 17:58:24 #3 type] 
Type model.ToDoTask is not enhanced.

------------------------------------------------------------------------------------------------------------------------

[2017-12-25 18:02:38 #1 store] 
Database '/Users/anthonyriesen/eclipse-workspace/Task and Time Management/taskDatabase.odb' is opened by 13672@Anthonys-MBP-2.netins.net

[2017-12-25 18:02:38 #2 store] 
Configuration path: ?

[2017-12-25 18:02:38 #3 type] 
Type model.ToDoTask is not enhanced.

------------------------------------------------------------------------------------------------------------------------

[2017-12-25 18:04:43 #1 store] 
Database '/Users/anthonyriesen/eclipse-workspace/Task and Time Management/taskDatabase.odb' is opened by 13715@Anthonys-MBP-2.netins.net

[2017-12-25 18:04:43 #2 store] 
Configuration path: ?

[2017-12-25 18:04:43 #3 type] 
Type model.ToDoTask is not enhanced.

------------------------------------------------------------------------------------------------------------------------

[2017-12-25 18:05:22 #1 store] 
Database '/Users/anthonyriesen/eclipse-workspace/Task and Time Management/taskDatabase.odb' is opened by 13735@Anthonys-MBP-2.netins.net

[2017-12-25 18:05:22 #2 store] 
Configuration path: ?

[2017-12-25 18:05:22 #3 type] 
Type model.ToDoTask is not enhanced.

------------------------------------------------------------------------------------------------------------------------

[2017-12-25 18:07:12 #1 store] 
Database '/Users/anthonyriesen/eclipse-workspace/Task and Time Management/taskDatabase.odb' is opened by 13777@Anthonys-MBP-2.netins.net

[2017-12-25 18:07:12 #2 store] 
Configuration path: ?

[2017-12-25 18:07:12 #3 type] 
Type model.ToDoTask is not enhanced.

