------------------------------------------------------------------------------------------------------------------------

[2017-12-24 20:03:29 #1 *] 
Old JPA jar (/Users/anthonyriesen/.gradle/caches/modules-2/files-2.1/javax.persistence/persistence-api/1.0.2/8a7f96961047da52a53b7347b6a919c6fbc6d7fa/persistence-api-1.0.2.jar) is in the classpath before objectdb.jar

------------------------------------------------------------------------------------------------------------------------

[2017-12-24 20:04:34 #1 *] 
Old JPA jar (/Users/anthonyriesen/.gradle/caches/modules-2/files-2.1/javax.persistence/persistence-api/1.0.2/8a7f96961047da52a53b7347b6a919c6fbc6d7fa/persistence-api-1.0.2.jar) is in the classpath before objectdb.jar

[2017-12-24 20:04:34 #2 store] 
Database '/Users/anthonyriesen/eclipse-workspace/Task and Time Management/taskDatabase.odb' is opened by 10357@Anthonys-MacBook-Pro-2.local

[2017-12-24 20:04:34 #3 store] 
Configuration path: ?

[2017-12-24 20:04:35 #4 type.registry] 
New type model.ToDoTask

[2017-12-24 20:04:35 #5 type] 
Type model.ToDoTask is not enhanced.

[2017-12-24 20:04:35 #6 type.registry] 
New type model.TaskLog

[2017-12-24 20:04:35 #7 type.registry] 
New type model.ToDoTask$TaskPriority

[2017-12-24 20:04:35 #8 type.registry] 
New type model.ToDoTask$TaskCatagory

[2017-12-24 20:04:35 #9 type.registry] 
New type java.time.LocalDate

[2017-12-24 20:04:35 #10 type.registry] 
New type java.util.ArrayList<java.lang.Object>

------------------------------------------------------------------------------------------------------------------------

[2017-12-24 20:07:47 #1 *] 
Old JPA jar (/Users/anthonyriesen/.gradle/caches/modules-2/files-2.1/javax.persistence/persistence-api/1.0.2/8a7f96961047da52a53b7347b6a919c6fbc6d7fa/persistence-api-1.0.2.jar) is in the classpath before objectdb.jar

[2017-12-24 20:07:47 #2 store] 
Database '/Users/anthonyriesen/eclipse-workspace/Task and Time Management/taskDatabase.odb' has been recovered (tr. 1-4)

[2017-12-24 20:07:47 #3 store] 
Database '/Users/anthonyriesen/eclipse-workspace/Task and Time Management/taskDatabase.odb' is opened by 10366@Anthonys-MacBook-Pro-2.local

[2017-12-24 20:07:47 #4 store] 
Configuration path: ?

[2017-12-24 20:07:47 #5 type] 
Type model.ToDoTask is not enhanced.

[2017-12-24 20:07:47 #6 type.registry] 
New type java.util.ArrayList<model.TaskLog>

[2017-12-24 20:07:47 #7 store] 
Database '/Users/anthonyriesen/eclipse-workspace/Task and Time Management/taskDatabase.odb' is closed by 10366@Anthonys-MacBook-Pro-2.local

